<?xml version="1.0" encoding="UTF-8"?>
<!-- Generated by org.testng.reporters.JUnitXMLReporter -->
<testsuite ignored="1" hostname="DESKTOP-2BOE3UC" failures="0" tests="3" name="Default test" time="0.041" errors="0" timestamp="2022-05-19T08:39:23 IST">
  <testcase classname="testNG.Priority" name="WhatsUpMessage" time="0.007"/>
  <testcase classname="testNG.Priority" name="WhatsUpcall" time="0.001"/>
  <testcase classname="testNG.Priority" name="WhatsUpStatus" time="0.001"/>
  <testcase classname="testNG.Priority" name="WhatsUpPay" time="0.0">
    <ignored/>
  </testcase> <!-- WhatsUpPay -->
</testsuite> <!-- Default test -->
